This file contains any messages produced by compilers while
running configure, to aid debugging if configure makes a mistake.

It was created by qperf configure 0.4.9, which was
generated by GNU Autoconf 2.63.  Invocation command line was

  $ ./configure 

## --------- ##
## Platform. ##
## --------- ##

hostname = centos
uname -m = x86_64
uname -r = 2.6.32-504.16.2.el6.x86_64
uname -s = Linux
uname -v = #1 SMP Wed Apr 22 06:48:29 UTC 2015

/usr/bin/uname -p = unknown
/bin/uname -X     = unknown

/bin/arch              = x86_64
/usr/bin/arch -k       = unknown
/usr/convex/getsysinfo = unknown
/usr/bin/hostinfo      = unknown
/bin/machine           = unknown
/usr/bin/oslevel       = unknown
/bin/universe          = unknown

PATH: /bin
PATH: /sbin
PATH: /usr/bin
PATH: /usr/sbin
PATH: /usr/local/bin
PATH: /usr/local/sbin


## ----------- ##
## Core tests. ##
## ----------- ##

configure:1833: checking for a BSD-compatible install
configure:1901: result: /usr/bin/install -c
configure:1912: checking whether build environment is sane
configure:1972: result: yes
configure:2113: checking for a thread-safe mkdir -p
configure:2152: result: /bin/mkdir -p
configure:2165: checking for gawk
configure:2181: found /bin/gawk
configure:2192: result: gawk
configure:2203: checking whether make sets $(MAKE)
configure:2225: result: yes
configure:2355: checking for gcc
configure:2371: found /usr/bin/gcc
configure:2382: result: gcc
configure:2614: checking for C compiler version
configure:2622: gcc --version >&5
gcc (GCC) 4.4.7 20120313 (Red Hat 4.4.7-3)
Copyright (C) 2010 Free Software Foundation, Inc.
This is free software; see the source for copying conditions.  There is NO
warranty; not even for MERCHANTABILITY or FITNESS FOR A PARTICULAR PURPOSE.

configure:2626: $? = 0
configure:2633: gcc -v >&5
Using built-in specs.
Target: x86_64-redhat-linux
Configured with: ../configure --prefix=/usr --mandir=/usr/share/man --infodir=/usr/share/info --with-bugurl=http://bugzilla.redhat.com/bugzilla --enable-bootstrap --enable-shared --enable-threads=posix --enable-checking=release --with-system-zlib --enable-__cxa_atexit --disable-libunwind-exceptions --enable-gnu-unique-object --enable-languages=c,c++,objc,obj-c++,java,fortran,ada --enable-java-awt=gtk --disable-dssi --with-java-home=/usr/lib/jvm/java-1.5.0-gcj-1.5.0.0/jre --enable-libgcj-multifile --enable-java-maintainer-mode --with-ecj-jar=/usr/share/java/eclipse-ecj.jar --disable-libjava-multilib --with-ppl --with-cloog --with-tune=generic --with-arch_32=i686 --build=x86_64-redhat-linux
Thread model: posix
gcc version 4.4.7 20120313 (Red Hat 4.4.7-3) (GCC) 
configure:2637: $? = 0
configure:2644: gcc -V >&5
gcc: '-V' option must have argument
configure:2648: $? = 1
configure:2671: checking for C compiler default output file name
configure:2693: gcc    conftest.c  >&5
configure:2697: $? = 0
configure:2735: result: a.out
configure:2754: checking whether the C compiler works
configure:2764: ./a.out
configure:2768: $? = 0
configure:2787: result: yes
configure:2794: checking whether we are cross compiling
configure:2796: result: no
configure:2799: checking for suffix of executables
configure:2806: gcc -o conftest    conftest.c  >&5
configure:2810: $? = 0
configure:2836: result: 
configure:2842: checking for suffix of object files
configure:2868: gcc -c   conftest.c >&5
configure:2872: $? = 0
configure:2897: result: o
configure:2901: checking whether we are using the GNU C compiler
configure:2930: gcc -c   conftest.c >&5
configure:2937: $? = 0
configure:2954: result: yes
configure:2963: checking whether gcc accepts -g
configure:2993: gcc -c -g  conftest.c >&5
configure:3000: $? = 0
configure:3101: result: yes
configure:3118: checking for gcc option to accept ISO C89
configure:3192: gcc  -c -g -O2  conftest.c >&5
configure:3199: $? = 0
configure:3222: result: none needed
configure:3251: checking for style of include used by make
configure:3279: result: GNU
configure:3304: checking dependency style of gcc
configure:3414: result: gcc3
configure:3430: checking for ibv_open_device in -libverbs
configure:3465: gcc -o conftest -g -O2   conftest.c -libverbs   >&5
/usr/bin/ld: cannot find -libverbs
collect2: ld returned 1 exit status
configure:3472: $? = 1
configure: failed program was:
| /* confdefs.h.  */
| #define PACKAGE_NAME "qperf"
| #define PACKAGE_TARNAME "qperf"
| #define PACKAGE_VERSION "0.4.9"
| #define PACKAGE_STRING "qperf 0.4.9"
| #define PACKAGE_BUGREPORT "general@lists.openfabrics.org"
| #define PACKAGE "qperf"
| #define VERSION "0.4.9"
| /* end confdefs.h.  */
| 
| /* Override any GCC internal prototype to avoid an error.
|    Use char because int might match the return type of a GCC
|    builtin and then its argument prototype would still apply.  */
| #ifdef __cplusplus
| extern "C"
| #endif
| char ibv_open_device ();
| int
| main ()
| {
| return ibv_open_device ();
|   ;
|   return 0;
| }
configure:3493: result: no
configure:3499: checking for ibv_open_xrc_domain in -libverbs
configure:3534: gcc -o conftest -g -O2   conftest.c -libverbs   >&5
/usr/bin/ld: cannot find -libverbs
collect2: ld returned 1 exit status
configure:3541: $? = 1
configure: failed program was:
| /* confdefs.h.  */
| #define PACKAGE_NAME "qperf"
| #define PACKAGE_TARNAME "qperf"
| #define PACKAGE_VERSION "0.4.9"
| #define PACKAGE_STRING "qperf 0.4.9"
| #define PACKAGE_BUGREPORT "general@lists.openfabrics.org"
| #define PACKAGE "qperf"
| #define VERSION "0.4.9"
| /* end confdefs.h.  */
| 
| /* Override any GCC internal prototype to avoid an error.
|    Use char because int might match the return type of a GCC
|    builtin and then its argument prototype would still apply.  */
| #ifdef __cplusplus
| extern "C"
| #endif
| char ibv_open_xrc_domain ();
| int
| main ()
| {
| return ibv_open_xrc_domain ();
|   ;
|   return 0;
| }
configure:3562: result: no
configure:3569: checking for rdma_create_id in -lrdmacm
configure:3604: gcc -o conftest -g -O2   conftest.c -lrdmacm   >&5
/usr/bin/ld: cannot find -lrdmacm
collect2: ld returned 1 exit status
configure:3611: $? = 1
configure: failed program was:
| /* confdefs.h.  */
| #define PACKAGE_NAME "qperf"
| #define PACKAGE_TARNAME "qperf"
| #define PACKAGE_VERSION "0.4.9"
| #define PACKAGE_STRING "qperf 0.4.9"
| #define PACKAGE_BUGREPORT "general@lists.openfabrics.org"
| #define PACKAGE "qperf"
| #define VERSION "0.4.9"
| /* end confdefs.h.  */
| 
| /* Override any GCC internal prototype to avoid an error.
|    Use char because int might match the return type of a GCC
|    builtin and then its argument prototype would still apply.  */
| #ifdef __cplusplus
| extern "C"
| #endif
| char rdma_create_id ();
| int
| main ()
| {
| return rdma_create_id ();
|   ;
|   return 0;
| }
configure:3632: result: no
configure:3837: creating ./config.status

## ---------------------- ##
## Running config.status. ##
## ---------------------- ##

This file was extended by qperf config.status 0.4.9, which was
generated by GNU Autoconf 2.63.  Invocation command line was

  CONFIG_FILES    = 
  CONFIG_HEADERS  = 
  CONFIG_LINKS    = 
  CONFIG_COMMANDS = 
  $ ./config.status 

on centos

config.status:695: creating qperf.spec
config.status:695: creating Makefile
config.status:695: creating src/Makefile
config.status:906: executing depfiles commands

## ---------------- ##
## Cache variables. ##
## ---------------- ##

ac_cv_c_compiler_gnu=yes
ac_cv_env_CC_set=
ac_cv_env_CC_value=
ac_cv_env_CFLAGS_set=
ac_cv_env_CFLAGS_value=
ac_cv_env_CPPFLAGS_set=
ac_cv_env_CPPFLAGS_value=
ac_cv_env_LDFLAGS_set=
ac_cv_env_LDFLAGS_value=
ac_cv_env_LIBS_set=
ac_cv_env_LIBS_value=
ac_cv_env_build_alias_set=
ac_cv_env_build_alias_value=
ac_cv_env_host_alias_set=
ac_cv_env_host_alias_value=
ac_cv_env_target_alias_set=
ac_cv_env_target_alias_value=
ac_cv_lib_ibverbs_ibv_open_device=no
ac_cv_lib_ibverbs_ibv_open_xrc_domain=no
ac_cv_lib_rdmacm_rdma_create_id=no
ac_cv_objext=o
ac_cv_path_install='/usr/bin/install -c'
ac_cv_path_mkdir=/bin/mkdir
ac_cv_prog_AWK=gawk
ac_cv_prog_ac_ct_CC=gcc
ac_cv_prog_cc_c89=
ac_cv_prog_cc_g=yes
ac_cv_prog_make_make_set=yes
am_cv_CC_dependencies_compiler_type=gcc3

## ----------------- ##
## Output variables. ##
## ----------------- ##

ACLOCAL='${SHELL} /home/dongtiecheng/work/qperf-0.4.9/missing --run aclocal-1.11'
AMDEPBACKSLASH='\'
AMDEP_FALSE='#'
AMDEP_TRUE=''
AMTAR='${SHELL} /home/dongtiecheng/work/qperf-0.4.9/missing --run tar'
AUTOCONF='${SHELL} /home/dongtiecheng/work/qperf-0.4.9/missing --run autoconf'
AUTOHEADER='${SHELL} /home/dongtiecheng/work/qperf-0.4.9/missing --run autoheader'
AUTOMAKE='${SHELL} /home/dongtiecheng/work/qperf-0.4.9/missing --run automake-1.11'
AWK='gawk'
CC='gcc'
CCDEPMODE='depmode=gcc3'
CFLAGS='-g -O2'
CPPFLAGS=''
CYGPATH_W='echo'
DEFS='-DPACKAGE_NAME=\"qperf\" -DPACKAGE_TARNAME=\"qperf\" -DPACKAGE_VERSION=\"0.4.9\" -DPACKAGE_STRING=\"qperf\ 0.4.9\" -DPACKAGE_BUGREPORT=\"general@lists.openfabrics.org\" -DPACKAGE=\"qperf\" -DVERSION=\"0.4.9\"'
DEPDIR='.deps'
ECHO_C=''
ECHO_N='-n'
ECHO_T=''
EXEEXT=''
HAS_XRC_FALSE=''
HAS_XRC_TRUE='#'
INSTALL_DATA='${INSTALL} -m 644'
INSTALL_PROGRAM='${INSTALL}'
INSTALL_SCRIPT='${INSTALL}'
INSTALL_STRIP_PROGRAM='$(install_sh) -c -s'
LDFLAGS=''
LIBOBJS=''
LIBS=''
LTLIBOBJS=''
MAKEINFO='${SHELL} /home/dongtiecheng/work/qperf-0.4.9/missing --run makeinfo'
MKDIR_P='/bin/mkdir -p'
OBJEXT='o'
PACKAGE='qperf'
PACKAGE_BUGREPORT='general@lists.openfabrics.org'
PACKAGE_NAME='qperf'
PACKAGE_STRING='qperf 0.4.9'
PACKAGE_TARNAME='qperf'
PACKAGE_VERSION='0.4.9'
PATH_SEPARATOR=':'
RDMA_FALSE=''
RDMA_TRUE='#'
SET_MAKE=''
SHELL='/bin/sh'
STRIP=''
VERSION='0.4.9'
ac_ct_CC='gcc'
am__EXEEXT_FALSE=''
am__EXEEXT_TRUE='#'
am__fastdepCC_FALSE='#'
am__fastdepCC_TRUE=''
am__include='include'
am__isrc=''
am__leading_dot='.'
am__quote=''
am__tar='${AMTAR} chof - "$$tardir"'
am__untar='${AMTAR} xf -'
bindir='${exec_prefix}/bin'
build_alias=''
datadir='${datarootdir}'
datarootdir='${prefix}/share'
docdir='${datarootdir}/doc/${PACKAGE_TARNAME}'
dvidir='${docdir}'
exec_prefix='${prefix}'
host_alias=''
htmldir='${docdir}'
includedir='${prefix}/include'
infodir='${datarootdir}/info'
install_sh='${SHELL} /home/dongtiecheng/work/qperf-0.4.9/install-sh'
libdir='${exec_prefix}/lib'
libexecdir='${exec_prefix}/libexec'
localedir='${datarootdir}/locale'
localstatedir='${prefix}/var'
mandir='${datarootdir}/man'
mkdir_p='/bin/mkdir -p'
oldincludedir='/usr/include'
pdfdir='${docdir}'
prefix='/usr/local'
program_transform_name='s,x,x,'
psdir='${docdir}'
sbindir='${exec_prefix}/sbin'
sharedstatedir='${prefix}/com'
sysconfdir='${prefix}/etc'
target_alias=''

## ----------- ##
## confdefs.h. ##
## ----------- ##

#define PACKAGE_NAME "qperf"
#define PACKAGE_TARNAME "qperf"
#define PACKAGE_VERSION "0.4.9"
#define PACKAGE_STRING "qperf 0.4.9"
#define PACKAGE_BUGREPORT "general@lists.openfabrics.org"
#define PACKAGE "qperf"
#define VERSION "0.4.9"

configure: exit 0
